time="2021-05-20T15:19:45Z" level=info msg="PCF version:  \n\tfree5GC version: v3.0.5-4-g5c4280f\n\tbuild time:      2021-05-20T14:47:59Z\n\tcommit hash:     fed73727\n\tcommit time:     2021-01-30T16:47:50Z\n\tgo version:      go1.14.4 linux/amd64" category=App component=PCF
time="2021-05-20T15:19:45Z" level=info msg="PCF Log level is set to [info] level" category=Init component=PCF
time="2021-05-20T15:19:45Z" level=info msg="config version [1.0.0]" category=CFG component=PCF
time="2021-05-20T15:19:45Z" level=info msg="Server started" category=Init component=PCF
time="2021-05-20T15:19:45Z" level=info msg="pcfconfig Info: Version[1.0.0] Description[PCF initial local configuration]" category=Util component=PCF
time="2021-05-20T15:21:49Z" level=info msg="Terminating PCF..." category=Init component=PCF
time="2021-05-20T15:21:49Z" level=info msg="Send Deregister NFInstance" category=Consumer component=PCF
time="2021-05-20T15:21:50Z" level=info msg="Deregister from NRF successfully" category=Init component=PCF
time="2021-05-20T15:21:50Z" level=info msg="PCF terminated" category=Init component=PCF
time="2021-05-20T15:22:34Z" level=info msg="PCF version:  \n\tfree5GC version: v3.0.5-4-g5c4280f\n\tbuild time:      2021-05-20T14:47:59Z\n\tcommit hash:     fed73727\n\tcommit time:     2021-01-30T16:47:50Z\n\tgo version:      go1.14.4 linux/amd64" category=App component=PCF
time="2021-05-20T15:22:34Z" level=info msg="PCF Log level is set to [info] level" category=Init component=PCF
time="2021-05-20T15:22:34Z" level=info msg="config version [1.0.0]" category=CFG component=PCF
time="2021-05-20T15:22:34Z" level=info msg="Server started" category=Init component=PCF
time="2021-05-20T15:22:34Z" level=info msg="pcfconfig Info: Version[1.0.0] Description[PCF initial local configuration]" category=Util component=PCF
time="2021-05-20T15:23:38Z" level=info msg="Terminating PCF..." category=Init component=PCF
time="2021-05-20T15:23:38Z" level=info msg="Send Deregister NFInstance" category=Consumer component=PCF
time="2021-05-20T15:23:39Z" level=info msg="Deregister from NRF successfully" category=Init component=PCF
time="2021-05-20T15:23:39Z" level=info msg="PCF terminated" category=Init component=PCF
time="2021-05-20T15:30:13Z" level=info msg="PCF version:  \n\tfree5GC version: v3.0.5-4-g5c4280f\n\tbuild time:      2021-05-20T14:47:59Z\n\tcommit hash:     fed73727\n\tcommit time:     2021-01-30T16:47:50Z\n\tgo version:      go1.14.4 linux/amd64" category=App component=PCF
time="2021-05-20T15:30:13Z" level=info msg="PCF Log level is set to [info] level" category=Init component=PCF
time="2021-05-20T15:30:13Z" level=info msg="config version [1.0.0]" category=CFG component=PCF
time="2021-05-20T15:30:13Z" level=info msg="Server started" category=Init component=PCF
time="2021-05-20T15:30:13Z" level=info msg="pcfconfig Info: Version[1.0.0] Description[PCF initial local configuration]" category=Util component=PCF
time="2021-05-20T15:30:27Z" level=info msg="Terminating PCF..." category=Init component=PCF
time="2021-05-20T15:30:27Z" level=info msg="Send Deregister NFInstance" category=Consumer component=PCF
time="2021-05-20T15:30:28Z" level=info msg="Deregister from NRF successfully" category=Init component=PCF
time="2021-05-20T15:30:28Z" level=info msg="PCF terminated" category=Init component=PCF
time="2021-05-20T15:33:06Z" level=info msg="PCF version:  \n\tfree5GC version: v3.0.5-4-g5c4280f\n\tbuild time:      2021-05-20T14:47:59Z\n\tcommit hash:     fed73727\n\tcommit time:     2021-01-30T16:47:50Z\n\tgo version:      go1.14.4 linux/amd64" category=App component=PCF
time="2021-05-20T15:33:06Z" level=info msg="PCF Log level is set to [info] level" category=Init component=PCF
time="2021-05-20T15:33:06Z" level=info msg="config version [1.0.0]" category=CFG component=PCF
time="2021-05-20T15:33:06Z" level=info msg="Server started" category=Init component=PCF
time="2021-05-20T15:33:06Z" level=info msg="pcfconfig Info: Version[1.0.0] Description[PCF initial local configuration]" category=Util component=PCF
time="2021-05-20T15:33:19Z" level=info msg="Terminating PCF..." category=Init component=PCF
time="2021-05-20T15:33:19Z" level=info msg="Send Deregister NFInstance" category=Consumer component=PCF
time="2021-05-20T15:33:20Z" level=info msg="Deregister from NRF successfully" category=Init component=PCF
time="2021-05-20T15:33:20Z" level=info msg="PCF terminated" category=Init component=PCF
time="2021-05-20T15:34:22Z" level=info msg="PCF version:  \n\tfree5GC version: v3.0.5-4-g5c4280f\n\tbuild time:      2021-05-20T15:33:38Z\n\tcommit hash:     fed73727\n\tcommit time:     2021-01-30T16:47:50Z\n\tgo version:      go1.14.4 linux/amd64" category=App component=PCF
time="2021-05-20T15:34:22Z" level=info msg="PCF Log level is set to [info] level" category=Init component=PCF
time="2021-05-20T15:34:22Z" level=info msg="config version [1.0.0]" category=CFG component=PCF
time="2021-05-20T15:34:22Z" level=info msg="Server started" category=Init component=PCF
time="2021-05-20T15:34:22Z" level=info msg="pcfconfig Info: Version[1.0.0] Description[PCF initial local configuration]" category=Util component=PCF
time="2021-05-20T15:37:15Z" level=info msg="Terminating PCF..." category=Init component=PCF
time="2021-05-20T15:37:15Z" level=info msg="Send Deregister NFInstance" category=Consumer component=PCF
time="2021-05-20T15:37:16Z" level=info msg="Deregister from NRF successfully" category=Init component=PCF
time="2021-05-20T15:37:16Z" level=info msg="PCF terminated" category=Init component=PCF
time="2021-05-20T15:37:35Z" level=info msg="PCF version:  \n\tfree5GC version: v3.0.5-4-g5c4280f\n\tbuild time:      2021-05-20T15:33:38Z\n\tcommit hash:     fed73727\n\tcommit time:     2021-01-30T16:47:50Z\n\tgo version:      go1.14.4 linux/amd64" category=App component=PCF
time="2021-05-20T15:37:35Z" level=info msg="PCF Log level is set to [info] level" category=Init component=PCF
time="2021-05-20T15:37:35Z" level=info msg="config version [1.0.0]" category=CFG component=PCF
time="2021-05-20T15:37:35Z" level=info msg="Server started" category=Init component=PCF
time="2021-05-20T15:37:35Z" level=info msg="pcfconfig Info: Version[1.0.0] Description[PCF initial local configuration]" category=Util component=PCF
time="2021-05-20T15:48:49Z" level=info msg="Terminating PCF..." category=Init component=PCF
time="2021-05-20T15:48:49Z" level=info msg="Send Deregister NFInstance" category=Consumer component=PCF
time="2021-05-20T15:48:50Z" level=info msg="Deregister from NRF successfully" category=Init component=PCF
time="2021-05-20T15:48:50Z" level=info msg="PCF terminated" category=Init component=PCF
time="2021-05-20T15:54:03Z" level=info msg="PCF version:  \n\tfree5GC version: v3.0.5-4-g5c4280f\n\tbuild time:      2021-05-20T15:33:38Z\n\tcommit hash:     fed73727\n\tcommit time:     2021-01-30T16:47:50Z\n\tgo version:      go1.14.4 linux/amd64" category=App component=PCF
time="2021-05-20T15:54:03Z" level=info msg="PCF Log level is set to [info] level" category=Init component=PCF
time="2021-05-20T15:54:03Z" level=info msg="config version [1.0.0]" category=CFG component=PCF
time="2021-05-20T15:54:03Z" level=info msg="Server started" category=Init component=PCF
time="2021-05-20T15:54:03Z" level=info msg="pcfconfig Info: Version[1.0.0] Description[PCF initial local configuration]" category=Util component=PCF
time="2021-05-20T15:55:23Z" level=info msg="Handle AM Policy Create Request" category=Ampolicy component=PCF
time="2021-05-20T15:55:23Z" level=info msg="| 201 |       127.0.0.1 | POST    | /npcf-am-policy-control/v1/policies | " category=GIN component=PCF
time="2021-05-20T15:55:23Z" level=info msg="Handle CreateSmPolicy" category=SMpolicy component=PCF
time="2021-05-20T15:55:23Z" level=info msg="| 201 |       127.0.0.1 | POST    | /npcf-smpolicycontrol/v1/sm-policies | " category=GIN component=PCF
time="2021-05-20T15:55:45Z" level=info msg="Terminating PCF..." category=Init component=PCF
time="2021-05-20T15:55:45Z" level=info msg="Send Deregister NFInstance" category=Consumer component=PCF
time="2021-05-20T15:55:46Z" level=info msg="Deregister from NRF successfully" category=Init component=PCF
time="2021-05-20T15:55:46Z" level=info msg="PCF terminated" category=Init component=PCF
