time="2021-05-20T15:19:44Z" level=info msg=udr category=App component=UDR
time="2021-05-20T15:19:44Z" level=info msg="UDR version:  \n\tfree5GC version: v3.0.5-4-g5c4280f\n\tbuild time:      2021-05-20T14:48:13Z\n\tcommit hash:     d634e21e\n\tcommit time:     2021-01-30T17:13:49Z\n\tgo version:      go1.14.4 linux/amd64" category=App component=UDR
time="2021-05-20T15:19:44Z" level=info msg="UDR Log level is set to [info] level" category=Init component=UDR
time="2021-05-20T15:19:44Z" level=info msg="config version [1.0.0]" category=CFG component=UDR
time="2021-05-20T15:19:44Z" level=info msg="UDR Config Info: Version[1.0.0] Description[UDR initial local configuration]" category=Init component=UDR
time="2021-05-20T15:19:44Z" level=info msg="Server started" category=Init component=UDR
time="2021-05-20T15:19:44Z" level=info msg="udrconfig Info: Version[1.0.0] Description[UDR initial local configuration]" category=Util component=UDR
time="2021-05-20T15:21:49Z" level=info msg="Terminating UDR..." category=Init component=UDR
time="2021-05-20T15:21:49Z" level=info msg="Send Deregister NFInstance" category=Consumer component=UDR
time="2021-05-20T15:21:50Z" level=info msg="Deregister from NRF successfully" category=Init component=UDR
time="2021-05-20T15:21:50Z" level=info msg="UDR terminated" category=Init component=UDR
time="2021-05-20T15:22:33Z" level=info msg=udr category=App component=UDR
time="2021-05-20T15:22:33Z" level=info msg="UDR version:  \n\tfree5GC version: v3.0.5-4-g5c4280f\n\tbuild time:      2021-05-20T14:48:13Z\n\tcommit hash:     d634e21e\n\tcommit time:     2021-01-30T17:13:49Z\n\tgo version:      go1.14.4 linux/amd64" category=App component=UDR
time="2021-05-20T15:22:33Z" level=info msg="UDR Log level is set to [info] level" category=Init component=UDR
time="2021-05-20T15:22:33Z" level=info msg="config version [1.0.0]" category=CFG component=UDR
time="2021-05-20T15:22:33Z" level=info msg="UDR Config Info: Version[1.0.0] Description[UDR initial local configuration]" category=Init component=UDR
time="2021-05-20T15:22:33Z" level=info msg="Server started" category=Init component=UDR
time="2021-05-20T15:22:33Z" level=info msg="udrconfig Info: Version[1.0.0] Description[UDR initial local configuration]" category=Util component=UDR
time="2021-05-20T15:23:38Z" level=info msg="Terminating UDR..." category=Init component=UDR
time="2021-05-20T15:23:38Z" level=info msg="Send Deregister NFInstance" category=Consumer component=UDR
time="2021-05-20T15:23:39Z" level=info msg="Deregister from NRF successfully" category=Init component=UDR
time="2021-05-20T15:23:39Z" level=info msg="UDR terminated" category=Init component=UDR
time="2021-05-20T15:30:12Z" level=info msg=udr category=App component=UDR
time="2021-05-20T15:30:12Z" level=info msg="UDR version:  \n\tfree5GC version: v3.0.5-4-g5c4280f\n\tbuild time:      2021-05-20T14:48:13Z\n\tcommit hash:     d634e21e\n\tcommit time:     2021-01-30T17:13:49Z\n\tgo version:      go1.14.4 linux/amd64" category=App component=UDR
time="2021-05-20T15:30:12Z" level=info msg="UDR Log level is set to [info] level" category=Init component=UDR
time="2021-05-20T15:30:12Z" level=info msg="config version [1.0.0]" category=CFG component=UDR
time="2021-05-20T15:30:12Z" level=info msg="UDR Config Info: Version[1.0.0] Description[UDR initial local configuration]" category=Init component=UDR
time="2021-05-20T15:30:12Z" level=info msg="Server started" category=Init component=UDR
time="2021-05-20T15:30:12Z" level=info msg="udrconfig Info: Version[1.0.0] Description[UDR initial local configuration]" category=Util component=UDR
time="2021-05-20T15:30:27Z" level=info msg="Terminating UDR..." category=Init component=UDR
time="2021-05-20T15:30:27Z" level=info msg="Send Deregister NFInstance" category=Consumer component=UDR
time="2021-05-20T15:30:28Z" level=info msg="Deregister from NRF successfully" category=Init component=UDR
time="2021-05-20T15:30:28Z" level=info msg="UDR terminated" category=Init component=UDR
time="2021-05-20T15:33:05Z" level=info msg=udr category=App component=UDR
time="2021-05-20T15:33:05Z" level=info msg="UDR version:  \n\tfree5GC version: v3.0.5-4-g5c4280f\n\tbuild time:      2021-05-20T14:48:13Z\n\tcommit hash:     d634e21e\n\tcommit time:     2021-01-30T17:13:49Z\n\tgo version:      go1.14.4 linux/amd64" category=App component=UDR
time="2021-05-20T15:33:05Z" level=info msg="UDR Log level is set to [info] level" category=Init component=UDR
time="2021-05-20T15:33:05Z" level=info msg="config version [1.0.0]" category=CFG component=UDR
time="2021-05-20T15:33:05Z" level=info msg="UDR Config Info: Version[1.0.0] Description[UDR initial local configuration]" category=Init component=UDR
time="2021-05-20T15:33:05Z" level=info msg="Server started" category=Init component=UDR
time="2021-05-20T15:33:05Z" level=info msg="udrconfig Info: Version[1.0.0] Description[UDR initial local configuration]" category=Util component=UDR
time="2021-05-20T15:33:19Z" level=info msg="Terminating UDR..." category=Init component=UDR
time="2021-05-20T15:33:19Z" level=info msg="Send Deregister NFInstance" category=Consumer component=UDR
time="2021-05-20T15:33:20Z" level=info msg="Deregister from NRF successfully" category=Init component=UDR
time="2021-05-20T15:33:20Z" level=info msg="UDR terminated" category=Init component=UDR
time="2021-05-20T15:34:21Z" level=info msg=udr category=App component=UDR
time="2021-05-20T15:34:21Z" level=info msg="UDR version:  \n\tfree5GC version: v3.0.5-4-g5c4280f\n\tbuild time:      2021-05-20T15:33:46Z\n\tcommit hash:     d634e21e\n\tcommit time:     2021-01-30T17:13:49Z\n\tgo version:      go1.14.4 linux/amd64" category=App component=UDR
time="2021-05-20T15:34:21Z" level=info msg="UDR Log level is set to [info] level" category=Init component=UDR
time="2021-05-20T15:34:21Z" level=info msg="config version [1.0.0]" category=CFG component=UDR
time="2021-05-20T15:34:21Z" level=info msg="UDR Config Info: Version[1.0.0] Description[UDR initial local configuration]" category=Init component=UDR
time="2021-05-20T15:34:21Z" level=info msg="Server started" category=Init component=UDR
time="2021-05-20T15:34:21Z" level=info msg="udrconfig Info: Version[1.0.0] Description[UDR initial local configuration]" category=Util component=UDR
time="2021-05-20T15:37:15Z" level=info msg="Terminating UDR..." category=Init component=UDR
time="2021-05-20T15:37:15Z" level=info msg="Send Deregister NFInstance" category=Consumer component=UDR
time="2021-05-20T15:37:16Z" level=info msg="Deregister from NRF successfully" category=Init component=UDR
time="2021-05-20T15:37:16Z" level=info msg="UDR terminated" category=Init component=UDR
time="2021-05-20T15:37:34Z" level=info msg=udr category=App component=UDR
time="2021-05-20T15:37:34Z" level=info msg="UDR version:  \n\tfree5GC version: v3.0.5-4-g5c4280f\n\tbuild time:      2021-05-20T15:33:46Z\n\tcommit hash:     d634e21e\n\tcommit time:     2021-01-30T17:13:49Z\n\tgo version:      go1.14.4 linux/amd64" category=App component=UDR
time="2021-05-20T15:37:34Z" level=info msg="UDR Log level is set to [info] level" category=Init component=UDR
time="2021-05-20T15:37:34Z" level=info msg="config version [1.0.0]" category=CFG component=UDR
time="2021-05-20T15:37:34Z" level=info msg="UDR Config Info: Version[1.0.0] Description[UDR initial local configuration]" category=Init component=UDR
time="2021-05-20T15:37:34Z" level=info msg="Server started" category=Init component=UDR
time="2021-05-20T15:37:34Z" level=info msg="udrconfig Info: Version[1.0.0] Description[UDR initial local configuration]" category=Util component=UDR
time="2021-05-20T15:43:02Z" level=info msg="Handle QueryAuthSubsData" category=DRepo component=UDR
time="2021-05-20T15:43:02Z" level=info msg="| 404 |       127.0.0.1 | GET     | /nudr-dr/v1/subscription-data/imsi-208930000000003/authentication-data/authentication-subscription | " category=GIN component=UDR
time="2021-05-20T15:45:05Z" level=info msg="Handle QueryAuthSubsData" category=DRepo component=UDR
time="2021-05-20T15:45:05Z" level=info msg="| 404 |       127.0.0.1 | GET     | /nudr-dr/v1/subscription-data/imsi-208930000000003/authentication-data/authentication-subscription | " category=GIN component=UDR
time="2021-05-20T15:48:27Z" level=info msg="Handle QueryAuthSubsData" category=DRepo component=UDR
time="2021-05-20T15:48:27Z" level=info msg="| 404 |       127.0.0.1 | GET     | /nudr-dr/v1/subscription-data/imsi-208930000000003/authentication-data/authentication-subscription | " category=GIN component=UDR
time="2021-05-20T15:48:49Z" level=info msg="Terminating UDR..." category=Init component=UDR
time="2021-05-20T15:48:49Z" level=info msg="Send Deregister NFInstance" category=Consumer component=UDR
time="2021-05-20T15:48:50Z" level=info msg="Deregister from NRF successfully" category=Init component=UDR
time="2021-05-20T15:48:50Z" level=info msg="UDR terminated" category=Init component=UDR
time="2021-05-20T15:54:02Z" level=info msg=udr category=App component=UDR
time="2021-05-20T15:54:02Z" level=info msg="UDR version:  \n\tfree5GC version: v3.0.5-4-g5c4280f\n\tbuild time:      2021-05-20T15:33:46Z\n\tcommit hash:     d634e21e\n\tcommit time:     2021-01-30T17:13:49Z\n\tgo version:      go1.14.4 linux/amd64" category=App component=UDR
time="2021-05-20T15:54:02Z" level=info msg="UDR Log level is set to [info] level" category=Init component=UDR
time="2021-05-20T15:54:02Z" level=info msg="config version [1.0.0]" category=CFG component=UDR
time="2021-05-20T15:54:02Z" level=info msg="UDR Config Info: Version[1.0.0] Description[UDR initial local configuration]" category=Init component=UDR
time="2021-05-20T15:54:02Z" level=info msg="Server started" category=Init component=UDR
time="2021-05-20T15:54:02Z" level=info msg="udrconfig Info: Version[1.0.0] Description[UDR initial local configuration]" category=Util component=UDR
time="2021-05-20T15:55:23Z" level=info msg="Handle QueryAuthSubsData" category=DRepo component=UDR
time="2021-05-20T15:55:23Z" level=info msg="| 200 |       127.0.0.1 | GET     | /nudr-dr/v1/subscription-data/imsi-208930000000003/authentication-data/authentication-subscription | " category=GIN component=UDR
time="2021-05-20T15:55:23Z" level=info msg="Handle ModifyAuthentication" category=DRepo component=UDR
time="2021-05-20T15:55:23Z" level=info msg="| 204 |       127.0.0.1 | PATCH   | /nudr-dr/v1/subscription-data/imsi-208930000000003/authentication-data/authentication-subscription | " category=GIN component=UDR
time="2021-05-20T15:55:23Z" level=info msg="Handle CreateAuthenticationStatus" category=DRepo component=UDR
time="2021-05-20T15:55:23Z" level=info msg="| 204 |       127.0.0.1 | PUT     | /nudr-dr/v1/subscription-data/imsi-208930000000003/authentication-data/authentication-status | " category=GIN component=UDR
time="2021-05-20T15:55:23Z" level=info msg="Handle QueryAmData" category=DRepo component=UDR
time="2021-05-20T15:55:23Z" level=info msg="| 200 |       127.0.0.1 | GET     | /nudr-dr/v1/subscription-data/imsi-208930000000003/20893/provisioned-data/am-data?supported-features= | " category=GIN component=UDR
time="2021-05-20T15:55:23Z" level=info msg="Handle CreateAmfContext3gpp" category=DRepo component=UDR
time="2021-05-20T15:55:23Z" level=info msg="| 204 |       127.0.0.1 | PUT     | /nudr-dr/v1/subscription-data/imsi-208930000000003/context-data/amf-3gpp-access | " category=GIN component=UDR
time="2021-05-20T15:55:23Z" level=info msg="Handle QueryAmData" category=DRepo component=UDR
time="2021-05-20T15:55:23Z" level=info msg="| 200 |       127.0.0.1 | GET     | /nudr-dr/v1/subscription-data/imsi-208930000000003/20893/provisioned-data/am-data?supported-features=20893 | " category=GIN component=UDR
time="2021-05-20T15:55:23Z" level=info msg="Handle QuerySmfSelectData" category=DRepo component=UDR
time="2021-05-20T15:55:23Z" level=info msg="| 200 |       127.0.0.1 | GET     | /nudr-dr/v1/subscription-data/imsi-208930000000003/20893/provisioned-data/smf-selection-subscription-data?supported-features= | " category=GIN component=UDR
time="2021-05-20T15:55:23Z" level=info msg="Handle QuerySmfRegList" category=DRepo component=UDR
time="2021-05-20T15:55:23Z" level=info msg="| 200 |       127.0.0.1 | GET     | /nudr-dr/v1/subscription-data/imsi-208930000000003/context-data/smf-registrations?supported-features= | " category=GIN component=UDR
time="2021-05-20T15:55:23Z" level=info msg="Handle CreateSdmSubscriptions" category=DRepo component=UDR
time="2021-05-20T15:55:23Z" level=info msg="| 201 |       127.0.0.1 | POST    | /nudr-dr/v1/subscription-data/imsi-208930000000003/context-data/sdm-subscriptions | " category=GIN component=UDR
time="2021-05-20T15:55:23Z" level=info msg="Handle PolicyDataUesUeIdAmDataGet" category=DRepo component=UDR
time="2021-05-20T15:55:23Z" level=info msg="| 200 |       127.0.0.1 | GET     | /nudr-dr/v1/policy-data/ues/imsi-208930000000003/am-data | " category=GIN component=UDR
time="2021-05-20T15:55:23Z" level=info msg="Handle QuerySmData" category=DRepo component=UDR
time="2021-05-20T15:55:23Z" level=info msg="| 200 |       127.0.0.1 | GET     | /nudr-dr/v1/subscription-data/imsi-208930000000003/20893/provisioned-data/sm-data?single-nssai=%7B%22sst%22%3A1%2C%22sd%22%3A%22010203%22%7D | " category=GIN component=UDR
time="2021-05-20T15:55:23Z" level=info msg="Handle PolicyDataUesUeIdSmDataGet" category=DRepo component=UDR
time="2021-05-20T15:55:23Z" level=info msg="| 200 |       127.0.0.1 | GET     | /nudr-dr/v1/policy-data/ues/imsi-208930000000003/sm-data?dnn=internet&snssai=%7B%22sst%22%3A1%2C%22sd%22%3A%22010203%22%7D | " category=GIN component=UDR
time="2021-05-20T15:55:45Z" level=info msg="Terminating UDR..." category=Init component=UDR
time="2021-05-20T15:55:45Z" level=info msg="Send Deregister NFInstance" category=Consumer component=UDR
time="2021-05-20T15:55:46Z" level=info msg="Deregister from NRF successfully" category=Init component=UDR
time="2021-05-20T15:55:46Z" level=info msg="UDR terminated" category=Init component=UDR
